PRT1
85
356
231
4 0 81 0 (-4288 -280 0 ) (-4288 280 0 ) (-2784 280 0 ) (-2784 -280 0 ) 
4 0 82 0 (-4288 -296 0 ) (-4288 -280 0 ) (-2784 -280 0 ) (-2784 -296 0 ) 
4 0 80 0 (-4288 280 0 ) (-4288 384 0 ) (-2784 384 0 ) (-2784 280 0 ) 
4 0 79 0 (-2784 384 0 ) (-1360 384 0 ) (-1360 -296 0 ) (-2784 -296 0 ) 
4 0 76 0 (-1360 384 0 ) (-1200 384 0 ) (-1200 -296 0 ) (-1360 -296 0 ) 
4 0 74 0 (-1200 384 0 ) (-1152 384 0 ) (-1152 -296 0 ) (-1200 -296 0 ) 
4 0 69 0 (7360 -256 0 ) (7360 -296 0 ) (512 -296 0 ) (512 -256 0 ) 
4 0 66 0 (560 384 0 ) (720 384 0 ) (720 104 0 ) (560 104 0 ) 
4 0 67 0 (720 104 0 ) (720 -256 0 ) (560 -256 0 ) (560 104 0 ) 
4 0 68 0 (512 384 0 ) (560 384 0 ) (560 -256 0 ) (512 -256 0 ) 
4 0 64 0 (1024 384 0 ) (7360 384 0 ) (7360 -256 0 ) (1024 -256 0 ) 
4 0 65 0 (720 384 0 ) (768 384 0 ) (768 -256 0 ) (720 -256 0 ) 
4 0 63 0 (-4288 384 0 ) (-4288 1152 0 ) (-1888 1152 0 ) (-1888 384 0 ) 
4 0 61 0 (-1888 944 0 ) (-1888 1104 0 ) (-1360 1104 0 ) (-1360 944 0 ) 
4 0 62 0 (-1360 384 0 ) (-1888 384 0 ) (-1888 944 0 ) (-1360 944 0 ) 
4 0 59 0 (-1200 480 0 ) (-1360 480 0 ) (-1360 1104 0 ) (-1200 1104 0 ) 
4 0 58 0 (-1152 1104 0 ) (-1152 480 0 ) (-1200 480 0 ) (-1200 1104 0 ) 
4 0 60 0 (-1152 480 0 ) (-1152 384 0 ) (-1360 384 0 ) (-1360 480 0 ) 
4 0 57 0 (-1888 1152 0 ) (-1152 1152 0 ) (-1152 1104 0 ) (-1888 1104 0 ) 
3 0 56 0 (-1119.987305 608.021057 0 ) (-1103.339111 720.396545 0 ) (-1024 768 0 ) 
3 0 55 0 (-1152 391.935516 0 ) (-1152 691.200012 0 ) (-1103.339111 720.396545 0 ) 
3 0 54 0 (-1152 691.200012 0 ) (-1152 822.857178 0 ) (-864 864 0 ) 
3 0 53 0 (-1152 822.857178 0 ) (-1152 896 0 ) (-640 896 0 ) 
3 0 51 0 (0.037332 896 0 ) (170.666626 896 0 ) (223.988281 864.007019 0 ) 
3 0 50 0 (614.400024 384 0 ) (512 384 0 ) (480 608 0 ) 
3 0 49 0 (170.666626 896 0 ) (307.200043 896 0 ) (384 768 0 ) 
4 0 48 0 (1280 896 0 ) (1280 384 0 ) (614.400024 384 0 ) (307.200043 896 0 ) 
4 0 47 0 (-1152 1152 0 ) (1280 1152 0 ) (1280 896 0 ) (-1152 896 0 ) 
4 0 46 0 (1344 640 0 ) (1344 384 0 ) (1280 384 0 ) (1280 640 0 ) 
4 0 45 0 (1280 1152 0 ) (1344 1152 0 ) (1344 896 0 ) (1280 896 0 ) 
4 0 44 0 (-4288 1152 0 ) (-4288 1408 0 ) (-4064 1408 0 ) (-4064 1152 0 ) 
4 0 43 0 (-1408 1408 0 ) (-1152 1408 0 ) (-1152 1152 0 ) (-1408 1152 0 ) 
4 0 42 0 (512 1408 0 ) (768 1408 0 ) (768 1152 0 ) (512 1152 0 ) 
4 0 41 0 (-4288 1408 0 ) (-4288 2240 0 ) (1344 2240 0 ) (1344 1408 0 ) 
4 0 40 0 (1344 2240 0 ) (7360 2240 0 ) (7360 384 0 ) (1344 384 0 ) 
4 0 26 0 (-3648 -296 0 ) (-2848 -296 0 ) (-2848 -296 248 ) (-3648 -296 248 ) 
4 0 25 0 (-2848 -296 0 ) (-2560 -296 0 ) (-2560 -296 248 ) (-2848 -296 248 ) 
4 0 24 0 (-2560 -296 0 ) (-2336 -296 0 ) (-2336 -296 248 ) (-2560 -296 248 ) 
4 0 29 0 (-4288 -296 248 ) (-4288 -296 0 ) (-3648 -296 0 ) (-3648 -296 248 ) 
4 0 23 0 (-4288 -296 576 ) (-4288 -296 248 ) (-2336 -296 248 ) (-2336 -296 576 ) 
4 0 18 0 (-2336 -296 0 ) (2560 -296 0 ) (2560 -296 576 ) (-2336 -296 576 ) 
4 0 17 0 (2560 -296 704 ) (-4288 -296 704 ) (-4288 -296 576 ) (2560 -296 576 ) 
4 0 8 0 (3584 -296 96 ) (3392 -296 96 ) (3392 -296 88 ) (3584 -296 88 ) 
4 0 7 0 (5344 -296 88 ) (5344 -296 96 ) (3584 -296 96 ) (3584 -296 88 ) 
4 0 10 0 (3392 -296 0 ) (5344 -296 0 ) (5344 -296 88 ) (3392 -296 88 ) 
4 0 11 0 (2560 -296 96 ) (2560 -296 0 ) (3392 -296 0 ) (3392 -296 96 ) 
4 0 6 0 (5344 -296 704 ) (2560 -296 704 ) (2560 -296 96 ) (5344 -296 96 ) 
4 0 4 0 (5392 -296 704 ) (5344 -296 704 ) (5344 -296 72 ) (5392 -296 72 ) 
4 0 2 0 (5592 -296 0 ) (7360 -296 0 ) (7360 -296 200 ) (5592 -296 200 ) 
4 0 1 0 (7360 -296 704 ) (5392 -296 704 ) (5392 -296 200 ) (7360 -296 200 ) 
4 1 4 0 (5392 -296 704 ) (5392 -296 200 ) (5392 -392 200 ) (5392 -392 704 ) 
4 1 3 0 (5392 -392 704 ) (5392 -392 200 ) (7360 -392 200 ) (7360 -392 704 ) 
4 1 2 0 (7360 -392 200 ) (5592 -392 200 ) (5592 -296 200 ) (7360 -296 200 ) 
4 2 69 0 (5592 -296 0 ) (7360 -296 0 ) (7360 -392 0 ) (5592 -392 0 ) 
4 2 3 0 (5592 -392 0 ) (7360 -392 0 ) (7360 -392 200 ) (5592 -392 200 ) 
4 3 70 0 (5392 -5824 0 ) (5392 -696 0 ) (7360 -696 0 ) (7360 -5824 0 ) 
4 3 69 0 (5392 -696 0 ) (5392 -392 0 ) (7360 -392 0 ) (7360 -696 0 ) 
4 3 13 0 (5392 -5824 224 ) (5392 -5824 232 ) (5392 -2496 232 ) (5392 -2496 224 ) 
4 3 15 0 (5392 -2496 0 ) (5392 -5824 0 ) (5392 -5824 224 ) (5392 -2496 224 ) 
4 3 12 0 (5392 -5824 232 ) (5392 -5824 704 ) (5392 -2496 704 ) (5392 -2496 232 ) 
4 3 5 0 (5392 -504 0 ) (5392 -2496 0 ) (5392 -2496 72 ) (5392 -504 72 ) 
4 3 4 0 (5392 -2496 72 ) (5392 -2496 704 ) (5392 -392 704 ) (5392 -392 72 ) 
4 4 13 0 (5392 -2496 224 ) (5392 -2496 232 ) (5344 -2496 232 ) (5344 -2496 224 ) 
4 4 15 0 (5392 -2496 72 ) (5392 -2496 224 ) (5344 -2496 224 ) (5344 -2496 72 ) 
4 4 12 0 (5392 -2496 232 ) (5392 -2496 704 ) (5344 -2496 704 ) (5344 -2496 232 ) 
4 4 7 0 (5344 -296 96 ) (5344 -296 88 ) (5344 -2496 88 ) (5344 -2496 96 ) 
4 4 10 0 (5344 -296 88 ) (5344 -296 72 ) (5344 -2496 72 ) (5344 -2496 88 ) 
4 4 6 0 (5344 -296 704 ) (5344 -296 96 ) (5344 -2496 96 ) (5344 -2496 704 ) 
4 4 5 0 (5392 -2496 72 ) (5344 -2496 72 ) (5344 -504 72 ) (5392 -504 72 ) 
4 5 70 0 (5392 -696 0 ) (5392 -2496 0 ) (5344 -2496 0 ) (5344 -696 0 ) 
4 5 69 0 (5392 -504 0 ) (5392 -696 0 ) (5344 -696 0 ) (5344 -504 0 ) 
4 5 15 0 (5344 -2496 0 ) (5392 -2496 0 ) (5392 -2496 72 ) (5344 -2496 72 ) 
4 5 10 0 (5344 -504 0 ) (5344 -2496 0 ) (5344 -2496 72 ) (5344 -504 72 ) 
4 6 32 0 (2560 -2496 224 ) (2560 -2496 232 ) (2560 -1600 232 ) (2560 -1600 224 ) 
4 6 33 0 (2560 -1600 96 ) (2560 -2496 96 ) (2560 -2496 224 ) (2560 -1600 224 ) 
4 6 31 0 (2560 -2496 232 ) (2560 -2496 704 ) (2560 -1600 704 ) (2560 -1600 232 ) 
4 6 19 0 (2560 -768 96 ) (2560 -864 96 ) (2560 -864 576 ) (2560 -768 576 ) 
4 6 22 0 (2560 -864 96 ) (2560 -1600 96 ) (2560 -1600 576 ) (2560 -864 576 ) 
4 6 18 0 (2560 -296 576 ) (2560 -296 96 ) (2560 -768 96 ) (2560 -768 576 ) 
4 6 17 0 (2560 -296 704 ) (2560 -296 576 ) (2560 -1600 576 ) (2560 -1600 704 ) 
4 6 13 0 (5344 -2496 224 ) (5344 -2496 232 ) (3648 -2496 232 ) (3648 -2496 224 ) 
4 6 15 0 (3392 -2496 96 ) (5344 -2496 96 ) (5344 -2496 224 ) (3392 -2496 224 ) 
4 6 16 0 (2560 -2496 232 ) (2560 -2496 96 ) (3392 -2496 96 ) (3392 -2496 232 ) 
4 6 12 0 (2560 -2496 704 ) (2560 -2496 232 ) (5344 -2496 232 ) (5344 -2496 704 ) 
4 6 9 0 (3584 -2496 96 ) (3392 -2496 96 ) (3392 -2176 96 ) (3584 -2176 96 ) 
4 6 8 0 (3392 -2144 96 ) (3392 -296 96 ) (3584 -296 96 ) (3584 -2144 96 ) 
4 6 7 0 (5344 -296 96 ) (5344 -2496 96 ) (3584 -2496 96 ) (3584 -296 96 ) 
4 6 11 0 (3392 -2496 96 ) (2560 -2496 96 ) (2560 -296 96 ) (3392 -296 96 ) 
4 7 15 0 (5344 -2496 88 ) (5344 -2496 96 ) (3584 -2496 96 ) (3584 -2496 88 ) 
4 7 9 0 (3584 -2176 88 ) (3584 -2496 88 ) (3584 -2496 96 ) (3584 -2176 96 ) 
4 7 8 0 (3584 -296 88 ) (3584 -2144 88 ) (3584 -2144 96 ) (3584 -296 96 ) 
4 7 10 0 (3584 -296 88 ) (5344 -296 88 ) (5344 -2496 88 ) (3584 -2496 88 ) 
4 8 11 0 (3392 -2144 96 ) (3392 -296 96 ) (3392 -296 88 ) (3392 -2144 88 ) 
4 8 10 0 (3392 -2144 88 ) (3392 -296 88 ) (3584 -296 88 ) (3584 -2144 88 ) 
4 9 15 0 (3584 -2496 96 ) (3392 -2496 96 ) (3392 -2496 88 ) (3584 -2496 88 ) 
4 9 10 0 (3392 -2496 88 ) (3392 -2176 88 ) (3584 -2176 88 ) (3584 -2496 88 ) 
4 9 11 0 (3392 -2496 88 ) (3392 -2496 96 ) (3392 -2176 96 ) (3392 -2176 88 ) 
4 10 70 0 (5344 -696 0 ) (5344 -2496 0 ) (3392 -2496 0 ) (3392 -696 0 ) 
4 10 69 0 (3392 -296 0 ) (5344 -296 0 ) (5344 -696 0 ) (3392 -696 0 ) 
4 10 15 0 (3392 -2496 0 ) (5344 -2496 0 ) (5344 -2496 88 ) (3392 -2496 88 ) 
4 10 11 0 (3392 -2496 0 ) (3392 -2496 88 ) (3392 -296 88 ) (3392 -296 0 ) 
4 11 70 0 (2560 -2496 0 ) (2560 -696 0 ) (3392 -696 0 ) (3392 -2496 0 ) 
4 11 69 0 (2560 -696 0 ) (2560 -296 0 ) (3392 -296 0 ) (3392 -696 0 ) 
4 11 33 0 (2560 -1600 0 ) (2560 -2496 0 ) (2560 -2496 96 ) (2560 -1600 96 ) 
4 11 19 0 (2560 -768 0 ) (2560 -864 0 ) (2560 -864 96 ) (2560 -768 96 ) 
4 11 22 0 (2560 -864 0 ) (2560 -1600 0 ) (2560 -1600 96 ) (2560 -864 96 ) 
4 11 18 0 (2560 -296 96 ) (2560 -296 0 ) (2560 -768 0 ) (2560 -768 96 ) 
4 11 16 0 (2560 -2496 96 ) (2560 -2496 0 ) (3392 -2496 0 ) (3392 -2496 96 ) 
4 12 36 0 (2560 -5824 232 ) (2560 -5824 704 ) (2560 -5280 704 ) (2560 -5280 232 ) 
4 12 31 0 (2560 -5280 704 ) (2560 -2496 704 ) (2560 -2496 232 ) (2560 -5280 232 ) 
4 12 14 0 (3648 -5824 232 ) (3392 -5824 232 ) (3392 -2688 232 ) (3648 -2688 232 ) 
4 12 13 0 (5392 -5824 232 ) (3648 -5824 232 ) (3648 -2496 232 ) (5392 -2496 232 ) 
4 12 16 0 (3392 -5824 232 ) (2560 -5824 232 ) (2560 -2496 232 ) (3392 -2496 232 ) 
4 13 14 0 (3648 -2688 224 ) (3648 -5824 224 ) (3648 -5824 232 ) (3648 -2688 232 ) 
4 13 15 0 (5392 -5824 224 ) (3648 -5824 224 ) (3648 -2496 224 ) (5392 -2496 224 ) 
4 14 16 0 (3392 -5824 224 ) (3392 -5824 232 ) (3392 -2688 232 ) (3392 -2688 224 ) 
4 14 15 0 (3648 -5824 224 ) (3392 -5824 224 ) (3392 -2688 224 ) (3648 -2688 224 ) 
4 15 70 0 (3392 -2496 0 ) (5392 -2496 0 ) (5392 -5824 0 ) (3392 -5824 0 ) 
4 15 16 0 (3392 -5824 0 ) (3392 -5824 224 ) (3392 -2496 224 ) (3392 -2496 0 ) 
4 16 70 0 (2560 -5824 0 ) (2560 -2496 0 ) (3392 -2496 0 ) (3392 -5824 0 ) 
4 16 37 0 (2560 -5824 88 ) (2560 -5824 96 ) (2560 -5312 96 ) (2560 -5312 88 ) 
4 16 38 0 (2560 -5280 0 ) (2560 -5824 0 ) (2560 -5824 88 ) (2560 -5280 88 ) 
4 16 36 0 (2560 -5824 96 ) (2560 -5824 232 ) (2560 -5280 232 ) (2560 -5280 96 ) 
4 16 32 0 (2560 -4768 232 ) (2560 -2496 232 ) (2560 -2496 224 ) (2560 -4768 224 ) 
4 16 33 0 (2560 -2496 0 ) (2560 -4960 0 ) (2560 -4960 224 ) (2560 -2496 224 ) 
4 16 34 0 (2560 -4960 0 ) (2560 -5280 0 ) (2560 -5280 232 ) (2560 -4960 232 ) 
4 17 31 0 (2560 -1600 576 ) (2560 -1600 704 ) (2304 -1600 704 ) (2304 -1600 576 ) 
4 17 35 0 (2304 -1600 704 ) (-4288 -1600 704 ) (-4288 -1600 576 ) (2304 -1600 576 ) 
4 17 23 0 (-2336 -1600 576 ) (-4288 -1600 576 ) (-4288 -296 576 ) (-2336 -296 576 ) 
4 17 20 0 (-864 -768 576 ) (-672 -768 576 ) (-672 -864 576 ) (-864 -864 576 ) 
4 17 21 0 (-2336 -864 576 ) (-2336 -768 576 ) (-960 -768 576 ) (-960 -864 576 ) 
4 17 19 0 (-576 -768 576 ) (2560 -768 576 ) (2560 -864 576 ) (-576 -864 576 ) 
4 17 22 0 (2560 -1600 576 ) (-2336 -1600 576 ) (-2336 -864 576 ) (2560 -864 576 ) 
4 17 18 0 (-2336 -768 576 ) (-2336 -296 576 ) (2560 -296 576 ) (2560 -768 576 ) 
4 18 79 0 (-2336 -296 0 ) (-1360 -296 0 ) (-1360 -768 0 ) (-2336 -768 0 ) 
4 18 77 0 (-1200 -336 0 ) (-1200 -640 0 ) (-1360 -640 0 ) (-1360 -336 0 ) 
4 18 78 0 (-1200 -640 0 ) (-1200 -768 0 ) (-1360 -768 0 ) (-1360 -640 0 ) 
4 18 76 0 (-1360 -296 0 ) (-1200 -296 0 ) (-1200 -336 0 ) (-1360 -336 0 ) 
4 18 74 0 (-1200 -296 0 ) (-1152 -296 0 ) (-1152 -768 0 ) (-1200 -768 0 ) 
4 18 71 0 (728 -768 0 ) (568 -768 0 ) (568 -696 0 ) (728 -696 0 ) 
4 18 72 0 (568 -768 0 ) (512 -768 0 ) (512 -696 0 ) (568 -696 0 ) 
4 18 70 0 (2560 -696 0 ) (2560 -768 0 ) (728 -768 0 ) (728 -696 0 ) 
4 18 69 0 (512 -296 0 ) (2560 -296 0 ) (2560 -696 0 ) (512 -696 0 ) 
4 18 24 0 (-2336 -296 248 ) (-2336 -296 0 ) (-2336 -768 0 ) (-2336 -768 248 ) 
4 18 23 0 (-2336 -768 576 ) (-2336 -296 576 ) (-2336 -296 248 ) (-2336 -768 248 ) 
4 18 20 0 (-864 -768 0 ) (-672 -768 0 ) (-672 -768 576 ) (-864 -768 576 ) 
4 18 21 0 (-2336 -768 576 ) (-2336 -768 0 ) (-960 -768 0 ) (-960 -768 576 ) 
4 18 19 0 (-576 -768 0 ) (2560 -768 0 ) (2560 -768 576 ) (-576 -768 576 ) 
4 19 75 0 (512 -864 0 ) (256 -864 0 ) (256 -768 0 ) (512 -768 0 ) 
4 19 71 0 (728 -864 0 ) (568 -864 0 ) (568 -768 0 ) (728 -768 0 ) 
4 19 72 0 (568 -864 0 ) (512 -864 0 ) (512 -768 0 ) (568 -768 0 ) 
4 19 70 0 (2560 -768 0 ) (2560 -864 0 ) (728 -864 0 ) (728 -768 0 ) 
4 19 22 0 (-576 -864 0 ) (2560 -864 0 ) (2560 -864 576 ) (-576 -864 576 ) 
4 20 22 0 (-864 -864 0 ) (-672 -864 0 ) (-672 -864 576 ) (-864 -864 576 ) 
4 21 79 0 (-1360 -864 0 ) (-2336 -864 0 ) (-2336 -768 0 ) (-1360 -768 0 ) 
4 21 78 0 (-1200 -864 0 ) (-1360 -864 0 ) (-1360 -768 0 ) (-1200 -768 0 ) 
4 21 74 0 (-1152 -864 0 ) (-1200 -864 0 ) (-1200 -768 0 ) (-1152 -768 0 ) 
4 21 24 0 (-2336 -768 248 ) (-2336 -768 0 ) (-2336 -864 0 ) (-2336 -864 248 ) 
4 21 23 0 (-2336 -864 576 ) (-2336 -768 576 ) (-2336 -768 248 ) (-2336 -864 248 ) 
4 21 22 0 (-2336 -864 576 ) (-2336 -864 0 ) (-960 -864 0 ) (-960 -864 576 ) 
4 22 79 0 (-1360 -1600 0 ) (-2336 -1600 0 ) (-2336 -864 0 ) (-1360 -864 0 ) 
4 22 78 0 (-1200 -1600 0 ) (-1360 -1600 0 ) (-1360 -864 0 ) (-1200 -864 0 ) 
4 22 75 0 (256 -1024 0 ) (256 -864 0 ) (512 -864 0 ) (512 -1024 0 ) 
4 22 74 0 (-1152 -1600 0 ) (-1200 -1600 0 ) (-1200 -864 0 ) (-1152 -864 0 ) 
4 22 71 0 (728 -1600 0 ) (568 -1600 0 ) (568 -864 0 ) (728 -864 0 ) 
4 22 72 0 (568 -1600 0 ) (512 -1600 0 ) (512 -864 0 ) (568 -864 0 ) 
4 22 70 0 (2560 -864 0 ) (2560 -1600 0 ) (728 -1600 0 ) (728 -864 0 ) 
4 22 32 0 (2560 -1600 224 ) (2560 -1600 232 ) (2304 -1600 232 ) (2304 -1600 224 ) 
4 22 33 0 (2560 -1600 0 ) (2560 -1600 224 ) (2304 -1600 224 ) (2304 -1600 0 ) 
4 22 31 0 (2560 -1600 232 ) (2560 -1600 576 ) (2304 -1600 576 ) (2304 -1600 232 ) 
4 22 35 0 (2304 -1600 576 ) (-2336 -1600 576 ) (-2336 -1600 0 ) (2304 -1600 0 ) 
4 22 24 0 (-2336 -1032 248 ) (-2336 -864 248 ) (-2336 -864 0 ) (-2336 -1032 0 ) 
4 22 23 0 (-2336 -1600 248 ) (-2336 -1600 576 ) (-2336 -864 576 ) (-2336 -864 248 ) 
4 23 35 0 (-2336 -1600 576 ) (-4288 -1600 576 ) (-4288 -1600 248 ) (-2336 -1600 248 ) 
4 23 30 0 (-3136 -1600 248 ) (-4288 -1600 248 ) (-4288 -1344 248 ) (-3136 -1344 248 ) 
4 23 27 0 (-2848 -896 248 ) (-2848 -1248 248 ) (-3392 -1248 248 ) (-3392 -896 248 ) 
4 23 26 0 (-3648 -296 248 ) (-2848 -296 248 ) (-2848 -640 248 ) (-3648 -640 248 ) 
4 23 25 0 (-2848 -296 248 ) (-2560 -296 248 ) (-2560 -1248 248 ) (-2848 -1248 248 ) 
4 23 28 0 (-2560 -1248 248 ) (-2560 -1344 248 ) (-3648 -1344 248 ) (-3648 -1248 248 ) 
4 23 24 0 (-2560 -296 248 ) (-2336 -296 248 ) (-2336 -1032 248 ) (-2560 -1032 248 ) 
4 23 29 0 (-4288 -296 248 ) (-3648 -296 248 ) (-3648 -1344 248 ) (-4288 -1344 248 ) 
4 24 79 0 (-2560 -296 0 ) (-2336 -296 0 ) (-2336 -1032 0 ) (-2560 -1032 0 ) 
4 24 25 0 (-2560 -1032 248 ) (-2560 -296 248 ) (-2560 -296 0 ) (-2560 -1032 0 ) 
4 25 82 0 (-2848 -296 0 ) (-2784 -296 0 ) (-2784 -1248 0 ) (-2848 -1248 0 ) 
4 25 79 0 (-2784 -296 0 ) (-2560 -296 0 ) (-2560 -1248 0 ) (-2784 -1248 0 ) 
4 25 27 0 (-2848 -1248 0 ) (-2848 -1248 248 ) (-2848 -896 248 ) (-2848 -896 0 ) 
4 25 26 0 (-2848 -640 248 ) (-2848 -296 248 ) (-2848 -296 0 ) (-2848 -640 0 ) 
4 25 28 0 (-2848 -1248 0 ) (-2560 -1248 0 ) (-2560 -1248 248 ) (-2848 -1248 248 ) 
4 26 82 0 (-3648 -296 0 ) (-2848 -296 0 ) (-2848 -640 0 ) (-3648 -640 0 ) 
4 26 29 0 (-3648 -640 248 ) (-3648 -296 248 ) (-3648 -296 0 ) (-3648 -640 0 ) 
4 27 82 0 (-2848 -896 0 ) (-2848 -1248 0 ) (-3392 -1248 0 ) (-3392 -896 0 ) 
4 27 28 0 (-3392 -1248 0 ) (-2848 -1248 0 ) (-2848 -1248 248 ) (-3392 -1248 248 ) 
4 28 82 0 (-2784 -1344 0 ) (-3648 -1344 0 ) (-3648 -1248 0 ) (-2784 -1248 0 ) 
4 28 79 0 (-2560 -1248 0 ) (-2560 -1344 0 ) (-2784 -1344 0 ) (-2784 -1248 0 ) 
4 28 30 0 (-3136 -1344 248 ) (-3648 -1344 248 ) (-3648 -1344 0 ) (-3136 -1344 0 ) 
4 28 29 0 (-3648 -1344 0 ) (-3648 -1344 248 ) (-3648 -1248 248 ) (-3648 -1248 0 ) 
4 29 82 0 (-4288 -1344 0 ) (-4288 -296 0 ) (-3648 -296 0 ) (-3648 -1344 0 ) 
4 29 30 0 (-3648 -1344 248 ) (-4288 -1344 248 ) (-4288 -1344 0 ) (-3648 -1344 0 ) 
4 30 82 0 (-4288 -1600 0 ) (-4288 -1344 0 ) (-3136 -1344 0 ) (-3136 -1600 0 ) 
4 30 35 0 (-4288 -1600 248 ) (-4288 -1600 0 ) (-3136 -1600 0 ) (-3136 -1600 248 ) 
4 31 36 0 (2560 -5280 232 ) (2560 -5280 704 ) (2304 -5280 704 ) (2304 -5280 232 ) 
4 31 32 0 (2304 -4768 232 ) (2304 -1600 232 ) (2560 -1600 232 ) (2560 -4768 232 ) 
4 31 34 0 (2560 -5280 232 ) (2304 -5280 232 ) (2304 -4960 232 ) (2560 -4960 232 ) 
4 31 35 0 (2304 -1600 704 ) (2304 -1600 232 ) (2304 -5280 232 ) (2304 -5280 704 ) 
4 32 33 0 (2304 -4768 224 ) (2304 -1600 224 ) (2560 -1600 224 ) (2560 -4768 224 ) 
4 32 35 0 (2304 -1600 232 ) (2304 -1600 224 ) (2304 -4768 224 ) (2304 -4768 232 ) 
4 33 70 0 (2304 -1600 0 ) (2560 -1600 0 ) (2560 -4960 0 ) (2304 -4960 0 ) 
4 33 34 0 (2560 -4960 0 ) (2560 -4960 224 ) (2304 -4960 224 ) (2304 -4960 0 ) 
4 33 35 0 (2304 -1600 224 ) (2304 -1600 0 ) (2304 -4960 0 ) (2304 -4960 224 ) 
4 34 70 0 (2560 -4960 0 ) (2560 -5280 0 ) (2304 -5280 0 ) (2304 -4960 0 ) 
4 34 38 0 (2560 -5280 0 ) (2560 -5280 88 ) (2368 -5280 88 ) (2368 -5280 0 ) 
4 34 39 0 (2368 -5280 96 ) (2304 -5280 96 ) (2304 -5280 0 ) (2368 -5280 0 ) 
4 34 36 0 (2560 -5280 96 ) (2560 -5280 232 ) (2304 -5280 232 ) (2304 -5280 96 ) 
4 34 35 0 (2304 -4960 0 ) (2304 -5280 0 ) (2304 -5280 232 ) (2304 -4960 232 ) 
4 35 83 0 (-4288 -5280 0 ) (-4288 -1664 0 ) (512 -1664 0 ) (512 -5280 0 ) 
4 35 82 0 (-4288 -1664 0 ) (-4288 -1600 0 ) (-2784 -1600 0 ) (-2784 -1664 0 ) 
4 35 79 0 (-2784 -1600 0 ) (-1360 -1600 0 ) (-1360 -1664 0 ) (-2784 -1664 0 ) 
4 35 78 0 (-1360 -1600 0 ) (-1200 -1600 0 ) (-1200 -1664 0 ) (-1360 -1664 0 ) 
4 35 74 0 (-1200 -1600 0 ) (-1152 -1600 0 ) (-1152 -1664 0 ) (-1200 -1664 0 ) 
4 35 71 0 (568 -1600 0 ) (728 -1600 0 ) (728 -5280 0 ) (568 -5280 0 ) 
4 35 72 0 (512 -1600 0 ) (568 -1600 0 ) (568 -5280 0 ) (512 -5280 0 ) 
4 35 70 0 (728 -1600 0 ) (2304 -1600 0 ) (2304 -5280 0 ) (728 -5280 0 ) 
4 35 39 0 (-4288 -5280 96 ) (-4288 -5280 0 ) (2304 -5280 0 ) (2304 -5280 96 ) 
4 35 36 0 (2304 -5280 704 ) (-4288 -5280 704 ) (-4288 -5280 96 ) (2304 -5280 96 ) 
4 36 37 0 (2560 -5824 96 ) (2368 -5824 96 ) (2368 -5312 96 ) (2560 -5312 96 ) 
4 36 39 0 (2368 -5824 96 ) (-4288 -5824 96 ) (-4288 -5280 96 ) (2368 -5280 96 ) 
4 37 38 0 (2560 -5824 88 ) (2368 -5824 88 ) (2368 -5312 88 ) (2560 -5312 88 ) 
4 37 39 0 (2368 -5824 88 ) (2368 -5824 96 ) (2368 -5312 96 ) (2368 -5312 88 ) 
4 38 70 0 (2368 -5280 0 ) (2560 -5280 0 ) (2560 -5824 0 ) (2368 -5824 0 ) 
4 38 39 0 (2368 -5824 0 ) (2368 -5824 88 ) (2368 -5280 88 ) (2368 -5280 0 ) 
4 39 83 0 (-4288 -5824 0 ) (-4288 -5280 0 ) (512 -5280 0 ) (512 -5824 0 ) 
4 39 71 0 (568 -5280 0 ) (728 -5280 0 ) (728 -5824 0 ) (568 -5824 0 ) 
4 39 72 0 (512 -5280 0 ) (568 -5280 0 ) (568 -5824 0 ) (512 -5824 0 ) 
4 39 70 0 (728 -5280 0 ) (2368 -5280 0 ) (2368 -5824 0 ) (728 -5824 0 ) 
4 40 84 0 (7360 384 -64 ) (1344 384 -64 ) (1344 2240 -64 ) (7360 2240 -64 ) 
4 40 64 0 (1344 384 -64 ) (7360 384 -64 ) (7360 384 0 ) (1344 384 0 ) 
4 40 46 0 (1344 896 -64 ) (1344 384 -64 ) (1344 384 0 ) (1344 640 0 ) 
4 40 45 0 (1344 1152 -64 ) (1344 896 -64 ) (1344 896 0 ) (1344 1152 0 ) 
4 40 41 0 (1344 2240 -64 ) (1344 1152 -64 ) (1344 1408 0 ) (1344 2240 0 ) 
4 41 84 0 (-4288 2240 -64 ) (1344 2240 -64 ) (1344 1152 -64 ) (-4288 1152 -64 ) 
4 41 44 0 (-4288 1152 -64 ) (-4064 1152 -64 ) (-4064 1408 0 ) (-4288 1408 0 ) 
4 41 43 0 (-1408 1152 -64 ) (-1152 1152 -64 ) (-1152 1408 0 ) (-1408 1408 0 ) 
4 41 42 0 (512 1152 -64 ) (768 1152 -64 ) (768 1408.001099 0 ) (512 1408.001099 0 ) 
4 42 47 0 (512 1152 -64 ) (768 1152 -64 ) (768 1152 0 ) (512 1152 0 ) 
4 43 57 0 (-1408 1152 -64 ) (-1152 1152 -64 ) (-1152 1152 0 ) (-1408 1152 0 ) 
4 44 63 0 (-4288 1152 -64 ) (-4064 1152 -64 ) (-4064 1152 0 ) (-4288 1152 0 ) 
4 45 84 0 (1280 1152 -64 ) (1344 1152 -64 ) (1344 896 -64 ) (1280 896 -64 ) 
4 45 47 0 (1280 1152 0 ) (1280 1152 -64 ) (1280 896 -64 ) (1280 896 0 ) 
4 46 84 0 (1344 896 -64 ) (1344 384 -64 ) (1280 384 -64 ) (1280 896 -64 ) 
4 46 64 0 (1280 384 -64 ) (1344 384 -64 ) (1344 384 0 ) (1280 384 0 ) 
4 46 48 0 (1280 896 -64 ) (1280 384 -64 ) (1280 384 0 ) (1280 640 0 ) 
4 47 84 0 (-1152 1152 -64 ) (1280 1152 -64 ) (1280 896 -64 ) (-1152 896 -64 ) 
4 47 58 0 (-1152 1104 -64 ) (-1152 896 -64 ) (-1152 896 0 ) (-1152 1104 0 ) 
4 47 57 0 (-1152 1152 0 ) (-1152 1152 -64 ) (-1152 1104 -64 ) (-1152 1104 0 ) 
4 47 53 0 (-1152 896 0 ) (-1152 896 -64 ) (-640 896 -64 ) (-640 896 0 ) 
4 47 51 0 (0 896 -64 ) (170.666626 896 -64 ) (170.666626 896 0 ) (0 896 0 ) 
4 47 49 0 (170.666626 896 -64 ) (307.200043 896 -64 ) (307.200073 896 0 ) (170.666626 896 0 ) 
4 47 48 0 (307.200043 896 -64 ) (1280 896 -64 ) (1280 896 0 ) (307.200073 896 0 ) 
4 48 84 0 (1280 896 -64 ) (1280 384 -64 ) (614.400024 384 -64 ) (307.200043 896 -64 ) 
4 48 66 0 (614.400024 384 -64 ) (720 384 -64 ) (720 384 0 ) (614.400024 384 0 ) 
4 48 64 0 (768 384 -64 ) (1280 384 -64 ) (1280 384 0 ) (1024 384 0 ) 
4 48 65 0 (720 384 -64 ) (768 384 -64 ) (768 384 0 ) (720 384 0 ) 
4 48 50 0 (480 608.001831 -64 ) (614.400757 384 -64 ) (614.400757 384 0 ) (480 608.001770 0 ) 
4 48 49 0 (307.200897 896 0 ) (307.200897 896 -64 ) (384.001373 768 -64 ) (384.001343 768 0 ) 
3 49 84 0 (170.666626 896 -64 ) (307.200043 896 -64 ) (384 768 -64 ) 
4 49 51 0 (170.664139 896 0 ) (170.664139 896 -64 ) (223.985001 864.007446 -64 ) (223.985016 864.007446 0 ) 
3 50 84 0 (614.400024 384 -64 ) (512 384 -64 ) (480 608 -64 ) 
4 50 66 0 (560 384 -64 ) (614.400024 384 -64 ) (614.400024 384 0 ) (560 384 0 ) 
4 50 68 0 (512 384 -64 ) (560 384 -64 ) (560 384 0 ) (512 384 0 ) 
3 51 84 0 (0.037332 896 -64 ) (170.666626 896 -64 ) (223.988281 864.007019 -64 ) 
4 52 84 0 (0 384 -64 ) (-640 384 -64 ) (-640 896 -64 ) (0 896 -64 ) 
4 52 73 0 (-640 384 -64 ) (0 384 -64 ) (0 384 -11.636364 ) (-640 384 -40.727272 ) 
3 53 84 0 (-1152 822.857178 -64 ) (-1152 896 -64 ) (-640 896 -64 ) 
4 53 58 0 (-1152 896 -64 ) (-1152 822.857117 -64 ) (-1152 822.857178 0 ) (-1152 896 0 ) 
4 53 54 0 (-1152 822.856323 0 ) (-1152 822.856323 -64 ) (-864.001709 863.998962 -64 ) (-864.001709 863.998962 0 ) 
3 54 84 0 (-1152 691.200012 -64 ) (-1152 822.857178 -64 ) (-864 864 -64 ) 
4 54 58 0 (-1152 822.857117 -64 ) (-1152 691.200012 -64 ) (-1152 691.200012 0 ) (-1152 822.857178 0 ) 
4 54 56 0 (-1103.339233 720.395691 -64 ) (-1024 767.998962 -64 ) (-1024 767.998962 0 ) (-1103.339233 720.395691 0 ) 
4 54 55 0 (-1152 691.199219 0 ) (-1152 691.199219 -64 ) (-1103.339233 720.395691 -64 ) (-1103.339233 720.395691 0 ) 
3 55 84 0 (-1152 391.935516 -64 ) (-1152 691.200012 -64 ) (-1103.339111 720.396545 -64 ) 
4 55 58 0 (-1152 691.200012 -64 ) (-1152 480 -64 ) (-1152 480 0 ) (-1152 691.200012 0 ) 
4 55 60 0 (-1152 480 -64 ) (-1152 391.935486 -64 ) (-1152 391.935516 0 ) (-1152 480 0 ) 
4 55 56 0 (-1119.986694 608.022095 -64 ) (-1103.339111 720.393677 -64 ) (-1103.339111 720.393677 0 ) (-1119.986694 608.022095 0 ) 
3 56 84 0 (-1119.987305 608.021057 -64 ) (-1103.339111 720.396545 -64 ) (-1024 768 -64 ) 
4 57 84 0 (-1888 1152 -64 ) (-1152 1152 -64 ) (-1152 1104 -64 ) (-1888 1104 -64 ) 
4 57 63 0 (-1888 1152 0 ) (-1888 1152 -64 ) (-1888 1104 -64 ) (-1888 1104 0 ) 
4 57 61 0 (-1888 1104 0 ) (-1784 1104 -64 ) (-1360 1104 -64 ) (-1360 1104 0 ) 
4 57 59 0 (-1360 1104 -64 ) (-1200 1104 -64 ) (-1200 1104 0 ) (-1360 1104 0 ) 
4 57 58 0 (-1200 1104 -64 ) (-1152 1104 -64 ) (-1152 1104 0 ) (-1200 1104 0 ) 
4 58 84 0 (-1152 1104 -64 ) (-1152 480 -64 ) (-1200 480 -64 ) (-1200 1104 -64 ) 
4 58 59 0 (-1200 1104 0 ) (-1200 1104 -64 ) (-1200 584 -64 ) (-1200 480 0 ) 
4 58 60 0 (-1200 480 -64 ) (-1152 480 -64 ) (-1152 480 0 ) (-1200 480 0 ) 
4 59 84 0 (-1360 584 -64 ) (-1360 1104 -64 ) (-1200 1104 -64 ) (-1200 584 -64 ) 
4 59 61 0 (-1360 1104 0 ) (-1360 1104 -64 ) (-1360 944 -64 ) (-1360 944 0 ) 
4 59 62 0 (-1360 944 -64 ) (-1360 584 -64 ) (-1360 480 0 ) (-1360 944 0 ) 
4 60 84 0 (-1152 480 -64 ) (-1152 384 -64 ) (-1360 384 -64 ) (-1360 480 -64 ) 
4 60 76 0 (-1360 384 -64 ) (-1200 384 -64 ) (-1200 384 0 ) (-1360 384 0 ) 
4 60 74 0 (-1200 384 -64 ) (-1152 384 -64 ) (-1152 384 0 ) (-1200 384 0 ) 
4 60 62 0 (-1360 480 -64 ) (-1360 384 -64 ) (-1360 384 0 ) (-1360 480 0 ) 
4 61 84 0 (-1784 1104 -64 ) (-1360 1104 -64 ) (-1360 944 -64 ) (-1784 944 -64 ) 
4 61 62 0 (-1888 944 0 ) (-1784 944 -64 ) (-1360 944 -64 ) (-1360 944 0 ) 
4 62 84 0 (-1360 384 -64 ) (-1888 384 -64 ) (-1888 944 -64 ) (-1360 944 -64 ) 
4 62 79 0 (-1888 384 -64 ) (-1360 384 -64 ) (-1360 384 0 ) (-1888 384 0 ) 
4 62 63 0 (-1888 944 -64 ) (-1888 384 -64 ) (-1888 384 0 ) (-1888 944 0 ) 
4 63 84 0 (-4288 1152 -64 ) (-1888 1152 -64 ) (-1888 384 -64 ) (-4288 384 -64 ) 
4 63 80 0 (-4288 384 -64 ) (-2784 384 -64 ) (-2784 384 0 ) (-4288 384 0 ) 
4 63 79 0 (-2784 384 -64 ) (-1888 384 -64 ) (-1888 384 0 ) (-2784 384 0 ) 
4 64 84 0 (768 384 -64 ) (7360 384 -64 ) (7360 -256 -64 ) (768 -256 -64 ) 
4 64 69 0 (768 -256 -64 ) (7360 -256 -64 ) (7360 -256 0 ) (1024 -256 0 ) 
4 65 84 0 (720 384 -64 ) (768 384 -64 ) (768 -256 -64 ) (720 -256 -64 ) 
4 65 69 0 (720 -256 -64 ) (768 -256 -64 ) (768 -256 0 ) (720 -256 0 ) 
4 65 66 0 (720 384 0 ) (720 384 -64 ) (720 208 -64 ) (720 104 0 ) 
4 65 67 0 (720 104 -64 ) (720 -256 -64 ) (720 -256 0 ) (720 104 0 ) 
4 66 84 0 (560 384 -64 ) (720 384 -64 ) (720 208 -64 ) (560 208 -64 ) 
4 66 68 0 (560 384 0 ) (560 384 -64 ) (560 208 -64 ) (560 104 0 ) 
4 67 84 0 (720 104 -64 ) (720 -256 -64 ) (560 -256 -64 ) (560 104 -64 ) 
4 67 69 0 (560 -256 -64 ) (720 -256 -64 ) (720 -256 0 ) (560 -256 0 ) 
4 67 68 0 (560 104 -64 ) (560 -256 -64 ) (560 -256 0 ) (560 104 0 ) 
4 68 84 0 (512 384 -64 ) (560 384 -64 ) (560 -256 -64 ) (512 -256 -64 ) 
4 68 69 0 (512 -256 0 ) (512 -256 -64 ) (560 -256 -64 ) (560 -256 0 ) 
4 69 84 0 (7360 -256 -64 ) (7360 -696 -64 ) (512 -696 -64 ) (512 -256 -64 ) 
4 69 72 0 (512 -696 0 ) (512 -696 -64 ) (568 -696 -64 ) (568 -696 0 ) 
4 69 70 0 (728 -696 -64 ) (7360 -696 -64 ) (7360 -696 0 ) (728 -696 0 ) 
4 70 84 0 (7360 -696 -64 ) (7360 -5824 -64 ) (728 -5824 -64 ) (728 -696 -64 ) 
4 70 71 0 (728 -696 0 ) (728 -800 -64 ) (728 -5824 -64 ) (728 -5824 0 ) 
4 71 84 0 (728 -5824 -64 ) (568 -5824 -64 ) (568 -800 -64 ) (728 -800 -64 ) 
4 71 72 0 (568 -696 0 ) (568 -800 -64 ) (568 -5824 -64 ) (568 -5824 0 ) 
4 72 84 0 (568 -5824 -64 ) (512 -5824 -64 ) (512 -696 -64 ) (568 -696 -64 ) 
4 72 83 0 (512 -1664 -64 ) (512 -5824 -64 ) (512 -5824 0 ) (512 -1664 0 ) 
4 72 75 0 (512 -768 -64 ) (512 -1024 -64 ) (512 -1024 0 ) (512 -768 0 ) 
4 73 84 0 (-1152 384 -64 ) (512 384 -64 ) (512 -1664 -64 ) (-1152 -1664 -64 ) 
3 73 83 0 (-1152 -1664 -64 ) (512 -1664 -64 ) (256 -1664 0 ) 
4 73 75 0 (512 -1024 -64 ) (512 -768 -64 ) (256 -768 0 ) (256 -1024 0 ) 
4 74 84 0 (-1200 384 -64 ) (-1152 384 -64 ) (-1152 -1664 -64 ) (-1200 -1664 -64 ) 
4 74 83 0 (-1200 -1664 -64 ) (-1152 -1664 -64 ) (-1152 -1664 0 ) (-1200 -1664 0 ) 
4 74 77 0 (-1200 -440 -64 ) (-1200 -536 -64 ) (-1200 -640 0 ) (-1200 -336 0 ) 
4 74 78 0 (-1200 -640 -64 ) (-1200 -1664 -64 ) (-1200 -1664 0 ) (-1200 -640 0 ) 
4 74 76 0 (-1200 384 0 ) (-1200 384 -64 ) (-1200 -336 -64 ) (-1200 -336 0 ) 
4 76 84 0 (-1360 384 -64 ) (-1200 384 -64 ) (-1200 -336 -64 ) (-1360 -336 -64 ) 
4 76 79 0 (-1360 384 0 ) (-1360 384 -64 ) (-1360 -336 -64 ) (-1360 -336 0 ) 
4 77 84 0 (-1200 -440 -64 ) (-1200 -536 -64 ) (-1360 -536 -64 ) (-1360 -440 -64 ) 
4 77 79 0 (-1360 -440 -64 ) (-1360 -536 -64 ) (-1360 -640 0 ) (-1360 -336 0 ) 
4 78 84 0 (-1200 -640 -64 ) (-1200 -1664 -64 ) (-1360 -1664 -64 ) (-1360 -640 -64 ) 
4 78 83 0 (-1360 -1664 -64 ) (-1200 -1664 -64 ) (-1200 -1664 0 ) (-1360 -1664 0 ) 
4 78 79 0 (-1360 -640 -64 ) (-1360 -1664 -64 ) (-1360 -1664 0 ) (-1360 -640 0 ) 
4 79 84 0 (-2784 384 -64 ) (-1360 384 -64 ) (-1360 -1664 -64 ) (-2784 -1664 -64 ) 
4 79 83 0 (-2784 -1664 -64 ) (-1360 -1664 -64 ) (-1360 -1664 0 ) (-2784 -1664 0 ) 
4 79 82 0 (-2784 -280 -64 ) (-2784 -1664 -64 ) (-2784 -1664 0 ) (-2784 -280 0 ) 
4 79 80 0 (-2784 384 0 ) (-2784 384 -64 ) (-2784 280 -64 ) (-2784 280 0 ) 
4 80 84 0 (-4288 384 -64 ) (-2784 384 -64 ) (-2784 280 -64 ) (-4288 280 -64 ) 
4 80 81 0 (-4288 280 0 ) (-4288 280 -64 ) (-2888 280 -64 ) (-2784 280 0 ) 
4 81 84 0 (-2888 -280 -64 ) (-4288 -280 -64 ) (-4288 280 -64 ) (-2888 280 -64 ) 
4 81 82 0 (-4288 -280 0 ) (-4288 -280 -64 ) (-2888 -280 -64 ) (-2784 -280 0 ) 
4 82 84 0 (-2784 -280 -64 ) (-2784 -1664 -64 ) (-4288 -1664 -64 ) (-4288 -280 -64 ) 
4 82 83 0 (-4288 -1664 -64 ) (-2784 -1664 -64 ) (-2784 -1664 0 ) (-4288 -1664 0 ) 
4 83 84 0 (-4288 -1664 -64 ) (512 -1664 -64 ) (512 -5824 -64 ) (-4288 -5824 -64 ) 
4 0 (256 384 0 ) (512 384 0 ) (512 -296 0 ) (256 -296 0 ) 
4 0 (-1152 384 0 ) (256 384 0 ) (256 -296 0 ) (-1152 -296 0 ) 
4 0 (768 384 0 ) (1024 384 0 ) (1024 -256 0 ) (768 -256 0 ) 
7 0 (-640 384 0 ) (-1152 384 0 ) (-1152 391.935516 0 ) (-1119.987305 608.021057 0 ) (-1024 768 0 ) (-864 864 0 ) (-640 896 0 ) 
4 0 (0 384 0 ) (-640 384 0 ) (-640 896 0 ) (0 896 0 ) 
7 0 (512 384 0 ) (0 384 0 ) (0 896 0 ) (0.037332 896 0 ) (223.988281 864.007019 0 ) (384 768 0 ) (480 608 0 ) 
4 0 (1344 896 0 ) (1344 640 0 ) (1280 640 0 ) (1280 896 0 ) 
4 0 (-4064 1408 0 ) (-1408 1408 0 ) (-1408 1152 0 ) (-4064 1152 0 ) 
4 0 (-1152 1408 0 ) (512 1408 0 ) (512 1152 0 ) (-1152 1152 0 ) 
4 0 (768 1408 0 ) (1344 1408 0 ) (1344 1152 0 ) (768 1152 0 ) 
4 0 (5344 -296 72 ) (5344 -296 0 ) (5392 -296 0 ) (5392 -296 72 ) 
4 0 (5392 -296 200 ) (5392 -296 0 ) (5592 -296 0 ) (5592 -296 200 ) 
4 0 (7360 2240 0 ) (-4288 2240 0 ) (-4288 2240 704 ) (7360 2240 704 ) 
4 0 (7360 -296 704 ) (7360 2240 704 ) (-4288 2240 704 ) (-4288 -296 704 ) 
4 0 (-4288 2240 0 ) (-4288 -296 0 ) (-4288 -296 704 ) (-4288 2240 704 ) 
4 0 (7360 -296 704 ) (7360 -296 0 ) (7360 2240 0 ) (7360 2240 704 ) 
4 1 (5592 -392 200 ) (5392 -392 200 ) (5392 -296 200 ) (5592 -296 200 ) 
4 1 (7360 -392 704 ) (7360 -296 704 ) (5392 -296 704 ) (5392 -392 704 ) 
4 1 (7360 -392 704 ) (7360 -392 200 ) (7360 -296 200 ) (7360 -296 704 ) 
4 2 (7360 -392 200 ) (7360 -392 0 ) (7360 -296 0 ) (7360 -296 200 ) 
4 2 (5592 -392 0 ) (5592 -392 200 ) (5592 -296 200 ) (5592 -296 0 ) 
4 3 (5392 -392 0 ) (5392 -504 0 ) (5392 -504 72 ) (5392 -392 72 ) 
4 3 (7360 -5824 704 ) (7360 -392 704 ) (5392 -392 704 ) (5392 -5824 704 ) 
4 3 (7360 -392 704 ) (7360 -5824 704 ) (7360 -5824 0 ) (7360 -392 0 ) 
4 3 (5592 -392 200 ) (5592 -392 0 ) (5392 -392 0 ) (5392 -392 200 ) 
4 3 (5392 -5824 704 ) (5392 -5824 0 ) (7360 -5824 0 ) (7360 -5824 704 ) 
4 4 (5344 -504 72 ) (5344 -296 72 ) (5392 -296 72 ) (5392 -504 72 ) 
4 4 (5344 -2496 704 ) (5392 -2496 704 ) (5392 -296 704 ) (5344 -296 704 ) 
4 4 (5392 -392 200 ) (5392 -392 72 ) (5392 -296 72 ) (5392 -296 200 ) 
4 5 (5344 -504 0 ) (5344 -504 72 ) (5392 -504 72 ) (5392 -504 0 ) 
4 6 (3648 -2496 232 ) (3392 -2496 232 ) (3392 -2496 224 ) (3648 -2496 224 ) 
4 6 (3392 -2176 96 ) (3392 -2144 96 ) (3584 -2144 96 ) (3584 -2176 96 ) 
4 6 (5344 -2496 704 ) (5344 -296 704 ) (2560 -296 704 ) (2560 -2496 704 ) 
4 7 (3584 -2144 88 ) (3584 -2176 88 ) (3584 -2176 96 ) (3584 -2144 96 ) 
4 8 (3392 -2144 96 ) (3392 -2144 88 ) (3584 -2144 88 ) (3584 -2144 96 ) 
4 9 (3584 -2176 96 ) (3584 -2176 88 ) (3392 -2176 88 ) (3392 -2176 96 ) 
4 10 (3584 -2176 88 ) (3584 -2144 88 ) (3392 -2144 88 ) (3392 -2176 88 ) 
4 10 (5344 -504 72 ) (5344 -504 0 ) (5344 -296 0 ) (5344 -296 72 ) 
4 11 (3392 -2176 88 ) (3392 -2144 88 ) (3392 -2144 96 ) (3392 -2176 96 ) 
4 12 (3392 -2688 232 ) (3392 -2496 232 ) (3648 -2496 232 ) (3648 -2688 232 ) 
4 12 (2560 -5824 704 ) (2560 -5824 232 ) (5392 -5824 232 ) (5392 -5824 704 ) 
4 12 (5392 -5824 704 ) (5392 -2496 704 ) (2560 -2496 704 ) (2560 -5824 704 ) 
4 13 (3648 -2496 224 ) (3648 -2688 224 ) (3648 -2688 232 ) (3648 -2496 232 ) 
4 13 (5392 -5824 224 ) (5392 -5824 232 ) (3648 -5824 232 ) (3648 -5824 224 ) 
4 14 (3648 -5824 232 ) (3392 -5824 232 ) (3392 -5824 224 ) (3648 -5824 224 ) 
4 14 (3648 -2688 232 ) (3648 -2688 224 ) (3392 -2688 224 ) (3392 -2688 232 ) 
4 15 (3648 -2688 224 ) (3648 -2496 224 ) (3392 -2496 224 ) (3392 -2688 224 ) 
4 15 (3392 -5824 0 ) (5392 -5824 0 ) (5392 -5824 224 ) (3392 -5824 224 ) 
4 16 (2560 -5312 96 ) (2560 -5280 96 ) (2560 -5280 88 ) (2560 -5312 88 ) 
4 16 (2560 -4960 224 ) (2560 -4960 232 ) (2560 -4768 232 ) (2560 -4768 224 ) 
4 16 (3392 -2688 224 ) (3392 -2496 224 ) (3392 -2496 232 ) (3392 -2688 232 ) 
4 16 (2560 -5824 232 ) (2560 -5824 0 ) (3392 -5824 0 ) (3392 -5824 232 ) 
4 17 (-960 -768 576 ) (-864 -768 576 ) (-864 -864 576 ) (-960 -864 576 ) 
4 17 (-672 -768 576 ) (-576 -768 576 ) (-576 -864 576 ) (-672 -864 576 ) 
4 17 (-4288 -1600 576 ) (-4288 -1600 704 ) (-4288 -296 704 ) (-4288 -296 576 ) 
4 17 (2560 -1600 704 ) (2560 -296 704 ) (-4288 -296 704 ) (-4288 -1600 704 ) 
4 18 (256 -296 0 ) (512 -296 0 ) (512 -768 0 ) (256 -768 0 ) 
4 18 (-1152 -296 0 ) (256 -296 0 ) (256 -768 0 ) (-1152 -768 0 ) 
4 18 (-960 -768 0 ) (-864 -768 0 ) (-864 -768 576 ) (-960 -768 576 ) 
4 18 (-672 -768 0 ) (-576 -768 0 ) (-576 -768 576 ) (-672 -768 576 ) 
4 19 (256 -864 0 ) (-576 -864 0 ) (-576 -768 0 ) (256 -768 0 ) 
4 19 (-576 -768 576 ) (-576 -768 0 ) (-576 -864 0 ) (-576 -864 576 ) 
4 20 (-672 -864 0 ) (-864 -864 0 ) (-864 -768 0 ) (-672 -768 0 ) 
4 20 (-672 -864 576 ) (-672 -864 0 ) (-672 -768 0 ) (-672 -768 576 ) 
4 20 (-864 -768 576 ) (-864 -768 0 ) (-864 -864 0 ) (-864 -864 576 ) 
4 21 (-960 -864 0 ) (-1152 -864 0 ) (-1152 -768 0 ) (-960 -768 0 ) 
4 21 (-960 -864 576 ) (-960 -864 0 ) (-960 -768 0 ) (-960 -768 576 ) 
4 22 (512 -1600 0 ) (256 -1600 0 ) (256 -1024 0 ) (512 -1024 0 ) 
4 22 (256 -1600 0 ) (-1152 -1600 0 ) (-1152 -864 0 ) (256 -864 0 ) 
4 22 (-2336 -1600 0 ) (-2336 -1600 248 ) (-2336 -1344 248 ) (-2336 -1344 0 ) 
4 22 (-2336 -1344 248 ) (-2336 -1032 248 ) (-2336 -1032 0 ) (-2336 -1344 0 ) 
4 22 (-960 -864 576 ) (-864 -864 576 ) (-864 -864 0 ) (-960 -864 0 ) 
4 22 (-672 -864 576 ) (-576 -864 576 ) (-576 -864 0 ) (-672 -864 0 ) 
4 23 (-2336 -1344 248 ) (-2336 -1600 248 ) (-3136 -1600 248 ) (-3136 -1344 248 ) 
4 23 (-3392 -1248 248 ) (-3648 -1248 248 ) (-3648 -896 248 ) (-3392 -896 248 ) 
4 23 (-2848 -640 248 ) (-2848 -896 248 ) (-3648 -896 248 ) (-3648 -640 248 ) 
4 23 (-2336 -1032 248 ) (-2336 -1344 248 ) (-2560 -1344 248 ) (-2560 -1032 248 ) 
4 23 (-4288 -1600 248 ) (-4288 -1600 576 ) (-4288 -296 576 ) (-4288 -296 248 ) 
4 24 (-2560 -1032 248 ) (-2560 -1032 0 ) (-2336 -1032 0 ) (-2336 -1032 248 ) 
4 25 (-2848 -896 248 ) (-2848 -640 248 ) (-2848 -640 0 ) (-2848 -896 0 ) 
4 25 (-2560 -1248 0 ) (-2560 -1032 0 ) (-2560 -1032 248 ) (-2560 -1248 248 ) 
4 26 (-3648 -640 248 ) (-3648 -640 0 ) (-2848 -640 0 ) (-2848 -640 248 ) 
4 27 (-3392 -896 248 ) (-2848 -896 248 ) (-2848 -896 0 ) (-3392 -896 0 ) 
4 27 (-3392 -896 248 ) (-3392 -896 0 ) (-3392 -1248 0 ) (-3392 -1248 248 ) 
4 28 (-2560 -1344 248 ) (-3136 -1344 248 ) (-3136 -1344 0 ) (-2560 -1344 0 ) 
4 28 (-3392 -1248 248 ) (-3392 -1248 0 ) (-3648 -1248 0 ) (-3648 -1248 248 ) 
4 28 (-2560 -1248 0 ) (-2560 -1248 248 ) (-2560 -1344 248 ) (-2560 -1344 0 ) 
4 29 (-3648 -1248 0 ) (-3648 -896 0 ) (-3648 -896 248 ) (-3648 -1248 248 ) 
4 29 (-3648 -896 0 ) (-3648 -640 0 ) (-3648 -640 248 ) (-3648 -896 248 ) 
4 29 (-4288 -296 0 ) (-4288 -1344 0 ) (-4288 -1344 248 ) (-4288 -296 248 ) 
4 30 (-4288 -1344 0 ) (-4288 -1600 0 ) (-4288 -1600 248 ) (-4288 -1344 248 ) 
4 30 (-3136 -1600 248 ) (-3136 -1600 0 ) (-3136 -1344 0 ) (-3136 -1344 248 ) 
4 31 (2304 -4960 232 ) (2304 -4768 232 ) (2560 -4768 232 ) (2560 -4960 232 ) 
4 31 (2304 -5280 704 ) (2560 -5280 704 ) (2560 -1600 704 ) (2304 -1600 704 ) 
4 32 (2304 -4768 224 ) (2560 -4768 224 ) (2560 -4768 232 ) (2304 -4768 232 ) 
4 33 (2560 -4768 224 ) (2304 -4768 224 ) (2304 -4960 224 ) (2560 -4960 224 ) 
4 34 (2560 -5280 88 ) (2560 -5280 96 ) (2368 -5280 96 ) (2368 -5280 88 ) 
4 34 (2304 -4960 224 ) (2304 -4960 232 ) (2560 -4960 232 ) (2560 -4960 224 ) 
4 35 (256 -1600 0 ) (512 -1600 0 ) (512 -1664 0 ) (256 -1664 0 ) 
4 35 (-1152 -1600 0 ) (256 -1600 0 ) (256 -1664 0 ) (-1152 -1664 0 ) 
4 35 (2304 -4768 232 ) (2304 -4960 232 ) (2304 -4960 224 ) (2304 -4768 224 ) 
4 35 (-3136 -1600 248 ) (-2336 -1600 248 ) (-2336 -1600 0 ) (-3136 -1600 0 ) 
4 35 (2304 -5280 704 ) (2304 -1600 704 ) (-4288 -1600 704 ) (-4288 -5280 704 ) 
4 35 (-4288 -1600 0 ) (-4288 -5280 0 ) (-4288 -5280 704 ) (-4288 -1600 704 ) 
4 36 (2368 -5312 96 ) (2368 -5280 96 ) (2560 -5280 96 ) (2560 -5312 96 ) 
4 36 (2560 -5824 96 ) (2560 -5824 704 ) (-4288 -5824 704 ) (-4288 -5824 96 ) 
4 36 (-4288 -5824 96 ) (-4288 -5824 704 ) (-4288 -5280 704 ) (-4288 -5280 96 ) 
4 36 (2560 -5824 704 ) (2560 -5280 704 ) (-4288 -5280 704 ) (-4288 -5824 704 ) 
4 37 (2560 -5824 88 ) (2560 -5824 96 ) (2368 -5824 96 ) (2368 -5824 88 ) 
4 37 (2560 -5312 96 ) (2560 -5312 88 ) (2368 -5312 88 ) (2368 -5312 96 ) 
4 38 (2560 -5312 88 ) (2560 -5280 88 ) (2368 -5280 88 ) (2368 -5312 88 ) 
4 38 (2560 -5824 0 ) (2560 -5824 88 ) (2368 -5824 88 ) (2368 -5824 0 ) 
4 39 (2368 -5312 88 ) (2368 -5280 88 ) (2368 -5280 96 ) (2368 -5312 96 ) 
4 39 (-4288 -5280 0 ) (-4288 -5824 0 ) (-4288 -5824 96 ) (-4288 -5280 96 ) 
4 39 (2368 -5824 96 ) (-4288 -5824 96 ) (-4288 -5824 0 ) (2368 -5824 0 ) 
3 40 (1344 896 -64 ) (1344 640 0 ) (1344 896 0 ) 
3 40 (1344 1152 -64 ) (1344 1152 0 ) (1344 1408 0 ) 
4 40 (7360 2240 0 ) (7360 2240 -64 ) (1344 2240 -64 ) (1344 2240 0 ) 
4 40 (7360 384 0 ) (7360 384 -64 ) (7360 2240 -64 ) (7360 2240 0 ) 
4 41 (-4064 1152 -64 ) (-1408 1152 -64 ) (-1408 1408 0 ) (-4064 1408 0 ) 
4 41 (-1152 1152 -64 ) (512 1152 -64 ) (512 1408.001099 0 ) (-1152 1408 0 ) 
4 41 (768 1152 -64 ) (1344 1152 -64 ) (1344 1408.001099 0 ) (768 1408.001099 0 ) 
4 41 (-4288 2240 0 ) (1344 2240 0 ) (1344 2240 -64 ) (-4288 2240 -64 ) 
4 41 (-4288 2240 0 ) (-4288 2240 -64 ) (-4288 1152 -64 ) (-4288 1408.001099 0 ) 
3 42 (768 1152 0 ) (768 1152 -64 ) (768 1408.001465 0 ) 
3 42 (512 1408.001465 0 ) (512 1152 -64 ) (512 1152 0 ) 
3 43 (-1408 1408.001465 0 ) (-1408 1152 -64 ) (-1408 1152 0 ) 
3 43 (-1152 1152 0 ) (-1152 1152 -64 ) (-1152 1408.001465 0 ) 
3 44 (-4288 1408.001465 0 ) (-4288 1152 -64 ) (-4288 1152 0 ) 
3 44 (-4064 1152 0 ) (-4064 1152 -64 ) (-4064 1408.001465 0 ) 
4 45 (1280 896 0 ) (1280 896 -64 ) (1344 896 -64 ) (1344 896 0 ) 
4 45 (1280 1152 0 ) (1344 1152 0 ) (1344 1152 -64 ) (1280 1152 -64 ) 
4 46 (1344 896 -64 ) (1280 896 -64 ) (1280 640 0 ) (1344 640 0 ) 
4 47 (-640 896 -64 ) (0 896 -64 ) (0 896 0 ) (-640 896 0 ) 
4 47 (-1152 1152 0 ) (512 1152 0 ) (512 1152 -64 ) (-1152 1152 -64 ) 
4 47 (768 1152 0 ) (1280 1152 0 ) (1280 1152 -64 ) (768 1152 -64 ) 
3 48 (768 384 -64 ) (1024 384 0 ) (768 384 0 ) 
4 48 (384.001373 768 -64 ) (480 608.001831 -64 ) (480 608.001770 0 ) (384.001343 768 0 ) 
3 48 (1280 896 0 ) (1280 640 0 ) (1280 896 -64 ) 
4 49 (223.985001 864.007446 -64 ) (384.001495 767.997559 -64 ) (384.001495 767.997559 0 ) (223.985016 864.007446 0 ) 
4 50 (480 608 0 ) (480 608 -64 ) (512 384 -64 ) (512 384 0 ) 
4 51 (0.037169 896 0 ) (0.037170 896 -64 ) (223.988998 864.006775 -64 ) (223.988998 864.006775 0 ) 
4 52 (0 384 -11.636364 ) (0 384 0 ) (-640 384 0 ) (-640 384 -40.727272 ) 
3 52 (-640 896 -64 ) (-640 384 -64 ) (-640 384 0 ) 
3 52 (0 384 0 ) (0 384 -64 ) (0 896 -64 ) 
4 52 (-640 896 -64 ) (-640 384 0 ) (0 384 0 ) (0 896 -64 ) 
4 53 (-864.001709 863.998962 -64 ) (-640 896 -64 ) (-640 896 0 ) (-864.001709 863.998962 0 ) 
4 54 (-1024 767.998962 -64 ) (-864 864 -64 ) (-864 864 0 ) (-1024 767.998962 0 ) 
4 55 (-1152 391.931732 0 ) (-1152 391.931732 -64 ) (-1119.986694 608.022095 -64 ) (-1119.986694 608.022095 0 ) 
4 56 (-1119.986572 608.023743 0 ) (-1119.986572 608.023743 -64 ) (-1024.001221 768 -64 ) (-1024.001221 768 0 ) 
3 57 (-1888 1104 0 ) (-1888 1104 -64 ) (-1784 1104 -64 ) 
4 57 (-1888 1152 0 ) (-1408 1152 0 ) (-1408 1152 -64 ) (-1888 1152 -64 ) 
3 58 (-1200 584 -64 ) (-1200 480 -64 ) (-1200 480 0 ) 
4 59 (-1200 584 -64 ) (-1200 480 0 ) (-1360 480 0 ) (-1360 584 -64 ) 
4 60 (-1200 480 0 ) (-1200 480 -64 ) (-1360 480 -64 ) (-1360 480 0 ) 
4 60 (-1152 391.935516 0 ) (-1152 384 0 ) (-1152 384 -64 ) (-1152 391.935486 -64 ) 
4 61 (-1784 944 -64 ) (-1888 944 0 ) (-1888 1104 0 ) (-1784 1104 -64 ) 
3 62 (-1784 944 -64 ) (-1888 944 -64 ) (-1888 944 0 ) 
3 62 (-1360 480 0 ) (-1360 480 -64 ) (-1360 584 -64 ) 
4 63 (-4064 1152 0 ) (-1888 1152 0 ) (-1888 1152 -64 ) (-4064 1152 -64 ) 
4 63 (-1888 1104 0 ) (-1888 944 0 ) (-1888 944 -64 ) (-1888 1104 -64 ) 
4 63 (-4288 1152 0 ) (-4288 1152 -64 ) (-4288 384 -64 ) (-4288 384 0 ) 
4 64 (7360 -256 0 ) (7360 -256 -64 ) (7360 384 -64 ) (7360 384 0 ) 
4 64 (768 384 -64 ) (768 -256 -64 ) (1024.001221 -256 0 ) (1024.001465 384 0 ) 
3 65 (720 208 -64 ) (720 104 -64 ) (720 104 0 ) 
4 65 (768 -256 0 ) (768 -256 -64 ) (768 384 -64 ) (768 384 0 ) 
4 66 (560 104.002220 0 ) (560 208.002228 -64 ) (720 208.002350 -64 ) (720 104.002220 0 ) 
4 67 (720 104 0 ) (720 104 -64 ) (560 104 -64 ) (560 104 0 ) 
4 68 (512 384 0 ) (512 384 -64 ) (512 -256 -64 ) (512 -256 0 ) 
3 68 (560 104 0 ) (560 104 -64 ) (560 208 -64 ) 
4 69 (512 -256 -64 ) (512 -696 -64 ) (512 -696 0 ) (512 -256 0 ) 
4 69 (568 -696 -64 ) (728 -696 -64 ) (728 -696 0 ) (568 -696 0 ) 
4 69 (5344 -504 0 ) (5392 -504 0 ) (5392 -296 0 ) (5344 -296 0 ) 
4 69 (5592 -392 0 ) (5592 -296 0 ) (5392 -296 0 ) (5392 -392 0 ) 
4 69 (7360 -256 0 ) (7360 -696 0 ) (7360 -696 -64 ) (7360 -256 -64 ) 
3 69 (768 -256 0 ) (1024 -256 0 ) (768 -256 -64 ) 
3 70 (728 -696 0 ) (728 -696 -64 ) (728 -800 -64 ) 
4 70 (728 -5824 -64 ) (7360 -5824 -64 ) (7360 -5824 0 ) (728 -5824 0 ) 
4 70 (7360 -696 0 ) (7360 -5824 0 ) (7360 -5824 -64 ) (7360 -696 -64 ) 
4 71 (568 -5824 -64 ) (728 -5824 -64 ) (728 -5824 0 ) (568 -5824 0 ) 
4 71 (568 -799.997986 -64 ) (568 -696 -0.001136 ) (728 -696 0 ) (728 -800.001038 -64 ) 
4 72 (512 -696 -64 ) (512 -768 -64 ) (512 -768 0 ) (512 -696 0 ) 
4 72 (512 -1024 -64 ) (512 -1664 -64 ) (512 -1664 0 ) (512 -1024 0 ) 
3 72 (568 -800 -64 ) (568 -696 -64 ) (568 -696 0 ) 
4 72 (512 -5824 0 ) (512 -5824 -64 ) (568 -5824 -64 ) (568 -5824 0 ) 
4 73 (512 -768 -64 ) (512 384 -64 ) (256 384 0 ) (256 -768 0 ) 
4 73 (256 -1664 0 ) (512 -1664 -64 ) (512 -1024 -64 ) (256 -1024 0 ) 
4 73 (0 384 -11.636365 ) (256 384 0 ) (512 384 -64 ) (0 384 -64 ) 
3 73 (-640 384 -40.727272 ) (-640 384 -64 ) (-1152 384 -64 ) 
4 73 (-1152 384 -64 ) (-1152 -1664 -64 ) (256 -1664 0 ) (256 384 0 ) 
3 74 (-1200 -536 -64 ) (-1200 -640 -64 ) (-1200 -640 0 ) 
3 74 (-1200 -336 -64 ) (-1200 -440 -64 ) (-1200 -336 0 ) 
4 74 (-1152 384 -64 ) (-1152 384 0 ) (-1152 -1664 0 ) (-1152 -1664 -64 ) 
3 75 (256 -1024 0 ) (512 -1024 -64 ) (512 -1024 0 ) 
3 75 (512 -768 0 ) (512 -768 -64 ) (256 -768 0 ) 
4 76 (-1360 -336 0 ) (-1360 -336 -64 ) (-1200 -336 -64 ) (-1200 -336 0 ) 
4 77 (-1360 -439.997406 -64 ) (-1360 -336 -0.001720 ) (-1200 -336 -0.001724 ) (-1200 -439.997406 -64 ) 
4 77 (-1360 -639.997070 0 ) (-1360 -535.997070 -64 ) (-1200 -535.997070 -64 ) (-1200 -639.997070 0 ) 
4 78 (-1200 -640 0 ) (-1200 -640 -64 ) (-1360 -640 -64 ) (-1360 -640 0 ) 
4 79 (-2784 280 -64 ) (-2784 -280 -64 ) (-2784 -280 0 ) (-2784 280 0 ) 
4 79 (-2784 -1600 0 ) (-2336 -1600 0 ) (-2336 -1344 0 ) (-2784 -1344 0 ) 
4 79 (-2560 -1032 0 ) (-2560 -1344 0 ) (-2336 -1344 0 ) (-2336 -1032 0 ) 
3 79 (-1360 -336 0 ) (-1360 -440 -64 ) (-1360 -336 -64 ) 
3 79 (-1360 -640 0 ) (-1360 -640 -64 ) (-1360 -536 -64 ) 
3 80 (-2888 280 -64 ) (-2784 280 -64 ) (-2784 280 0 ) 
4 80 (-4288 384 0 ) (-4288 384 -64 ) (-4288 280 -64 ) (-4288 280 0 ) 
4 81 (-4288 280 -64 ) (-4288 -280 -64 ) (-4288 -280 0 ) (-4288 280 0 ) 
4 81 (-2784 -280 0 ) (-2888 -280 -64 ) (-2888 280 -64 ) (-2784 280 0 ) 
3 82 (-2784 -280 0 ) (-2784 -280 -64 ) (-2888 -280 -64 ) 
4 82 (-3648 -640 0 ) (-3648 -896 0 ) (-2848 -896 0 ) (-2848 -640 0 ) 
4 82 (-3392 -896 0 ) (-3648 -896 0 ) (-3648 -1248 0 ) (-3392 -1248 0 ) 
4 82 (-3136 -1600 0 ) (-2784 -1600 0 ) (-2784 -1344 0 ) (-3136 -1344 0 ) 
4 82 (-4288 -280 -64 ) (-4288 -1664 -64 ) (-4288 -1664 0 ) (-4288 -280 0 ) 
4 83 (-4288 -1664 0 ) (-4288 -1664 -64 ) (-4288 -5824 -64 ) (-4288 -5824 0 ) 
3 83 (256 -1664 0 ) (512 -1664 0 ) (512 -1664 -64 ) 
3 83 (-1152 -1664 0 ) (256 -1664 0 ) (-1152 -1664 -64 ) 
4 83 (-4288 -5824 0 ) (-4288 -5824 -64 ) (512 -5824 -64 ) (512 -5824 0 ) 
4 84 (-4288 -5824 -64 ) (-4288 -5824 -320 ) (7360 -5824 -320 ) (7360 -5824 -64 ) 
4 84 (-4288 2240 -64 ) (-4288 2240 -320 ) (-4288 -5824 -320 ) (-4288 -5824 -64 ) 
7 84 (480 608 -64 ) (384 768 -64 ) (223.988281 864.007019 -64 ) (0.037332 896 -64 ) (0 896 -64 ) (0 384 -64 ) (512 384 -64 ) 
7 84 (-640 896 -64 ) (-864 864 -64 ) (-1024 768 -64 ) (-1119.987305 608.021057 -64 ) (-1152 391.935516 -64 ) (-1152 384 -64 ) (-640 384 -64 ) 
4 84 (-1200 584 -64 ) (-1360 584 -64 ) (-1360 480 -64 ) (-1200 480 -64 ) 
4 84 (-1784 944 -64 ) (-1784 1104 -64 ) (-1888 1104 -64 ) (-1888 944 -64 ) 
4 84 (560 208 -64 ) (560 104 -64 ) (720 104 -64 ) (720 208 -64 ) 
4 84 (728 -800 -64 ) (728 -696 -64 ) (568 -696 -64 ) (568 -800 -64 ) 
4 84 (-1360 -336 -64 ) (-1360 -440 -64 ) (-1200 -440 -64 ) (-1200 -336 -64 ) 
4 84 (-1360 -536 -64 ) (-1360 -640 -64 ) (-1200 -640 -64 ) (-1200 -536 -64 ) 
4 84 (-2888 280 -64 ) (-2888 -280 -64 ) (-2784 -280 -64 ) (-2784 280 -64 ) 
4 84 (-4288 2240 -320 ) (-4288 2240 -64 ) (7360 2240 -64 ) (7360 2240 -320 ) 
4 84 (7360 -5824 -64 ) (7360 -5824 -320 ) (7360 2240 -320 ) (7360 2240 -64 ) 
4 84 (7360 -5824 -320 ) (-4288 -5824 -320 ) (-4288 2240 -320 ) (7360 2240 -320 ) 
